<?xml version="1.0" encoding="UTF-8"?>
<testsuite xmlns:xsi="http://www.w3.org/2001/XMLSchema-instance" xsi:noNamespaceSchemaLocation="https://maven.apache.org/surefire/maven-surefire-plugin/xsd/surefire-test-report-3.0.xsd" version="3.0" name="TestSuite" time="27.371" tests="1" errors="0" skipped="0" failures="1">
  <properties>
    <property name="sun.desktop" value="windows"/>
    <property name="awt.toolkit" value="sun.awt.windows.WToolkit"/>
    <property name="surefire.suiteXmlFiles" value="src\test\resources\testng.xml"/>
    <property name="java.specification.version" value="1.8"/>
    <property name="file.encoding.pkg" value="sun.io"/>
    <property name="webdriver.chrome.driver" value="C:\Users\user\.cache\selenium\chromedriver\win32\99.0.4844.51\chromedriver.exe"/>
    <property name="sun.cpu.isalist" value="amd64"/>
    <property name="sun.jnu.encoding" value="Cp1251"/>
    <property name="java.class.path" value="g:\GitRepositories\WebDriver-Framework-on-Java\target\test-classes;g:\GitRepositories\WebDriver-Framework-on-Java\target\classes;C:\Users\user\.m2\repository\org\seleniumhq\selenium\selenium-java\4.0.0\selenium-java-4.0.0.jar;C:\Users\user\.m2\repository\org\seleniumhq\selenium\selenium-api\4.0.0\selenium-api-4.0.0.jar;C:\Users\user\.m2\repository\org\seleniumhq\selenium\selenium-chrome-driver\4.0.0\selenium-chrome-driver-4.0.0.jar;C:\Users\user\.m2\repository\com\google\auto\service\auto-service-annotations\1.0\auto-service-annotations-1.0.jar;C:\Users\user\.m2\repository\com\google\auto\service\auto-service\1.0\auto-service-1.0.jar;C:\Users\user\.m2\repository\com\google\auto\auto-common\1.0\auto-common-1.0.jar;C:\Users\user\.m2\repository\org\seleniumhq\selenium\selenium-chromium-driver\4.0.0\selenium-chromium-driver-4.0.0.jar;C:\Users\user\.m2\repository\org\seleniumhq\selenium\selenium-json\4.0.0\selenium-json-4.0.0.jar;C:\Users\user\.m2\repository\org\seleniumhq\selenium\selenium-devtools-v85\4.0.0\selenium-devtools-v85-4.0.0.jar;C:\Users\user\.m2\repository\org\seleniumhq\selenium\selenium-devtools-v93\4.0.0\selenium-devtools-v93-4.0.0.jar;C:\Users\user\.m2\repository\org\seleniumhq\selenium\selenium-devtools-v94\4.0.0\selenium-devtools-v94-4.0.0.jar;C:\Users\user\.m2\repository\org\seleniumhq\selenium\selenium-devtools-v95\4.0.0\selenium-devtools-v95-4.0.0.jar;C:\Users\user\.m2\repository\org\seleniumhq\selenium\selenium-edge-driver\4.0.0\selenium-edge-driver-4.0.0.jar;C:\Users\user\.m2\repository\org\seleniumhq\selenium\selenium-firefox-driver\4.0.0\selenium-firefox-driver-4.0.0.jar;C:\Users\user\.m2\repository\org\seleniumhq\selenium\selenium-firefox-xpi-driver\4.0.0\selenium-firefox-xpi-driver-4.0.0.jar;C:\Users\user\.m2\repository\org\seleniumhq\selenium\selenium-ie-driver\4.0.0\selenium-ie-driver-4.0.0.jar;C:\Users\user\.m2\repository\org\seleniumhq\selenium\selenium-opera-driver\4.0.0\selenium-opera-driver-4.0.0.jar;C:\Users\user\.m2\repository\org\seleniumhq\selenium\selenium-remote-driver\4.0.0\selenium-remote-driver-4.0.0.jar;C:\Users\user\.m2\repository\io\netty\netty-buffer\4.1.68.Final\netty-buffer-4.1.68.Final.jar;C:\Users\user\.m2\repository\io\netty\netty-codec-http\4.1.67.Final\netty-codec-http-4.1.67.Final.jar;C:\Users\user\.m2\repository\io\netty\netty-codec\4.1.67.Final\netty-codec-4.1.67.Final.jar;C:\Users\user\.m2\repository\io\netty\netty-handler\4.1.67.Final\netty-handler-4.1.67.Final.jar;C:\Users\user\.m2\repository\io\netty\netty-common\4.1.68.Final\netty-common-4.1.68.Final.jar;C:\Users\user\.m2\repository\io\netty\netty-transport-native-epoll\4.1.67.Final\netty-transport-native-epoll-4.1.67.Final.jar;C:\Users\user\.m2\repository\io\netty\netty-transport-native-kqueue\4.1.67.Final\netty-transport-native-kqueue-4.1.67.Final.jar;C:\Users\user\.m2\repository\io\netty\netty-transport-native-unix-common\4.1.67.Final\netty-transport-native-unix-common-4.1.67.Final.jar;C:\Users\user\.m2\repository\io\netty\netty-transport\4.1.68.Final\netty-transport-4.1.68.Final.jar;C:\Users\user\.m2\repository\io\netty\netty-resolver\4.1.68.Final\netty-resolver-4.1.68.Final.jar;C:\Users\user\.m2\repository\io\opentelemetry\opentelemetry-api\1.6.0\opentelemetry-api-1.6.0.jar;C:\Users\user\.m2\repository\io\opentelemetry\opentelemetry-context\1.6.0\opentelemetry-context-1.6.0.jar;C:\Users\user\.m2\repository\io\opentelemetry\opentelemetry-exporter-logging\1.6.0\opentelemetry-exporter-logging-1.6.0.jar;C:\Users\user\.m2\repository\io\opentelemetry\opentelemetry-sdk-metrics\1.6.0-alpha\opentelemetry-sdk-metrics-1.6.0-alpha.jar;C:\Users\user\.m2\repository\io\opentelemetry\opentelemetry-sdk-common\1.6.0\opentelemetry-sdk-common-1.6.0.jar;C:\Users\user\.m2\repository\io\opentelemetry\opentelemetry-sdk-extension-autoconfigure-spi\1.6.0\opentelemetry-sdk-extension-autoconfigure-spi-1.6.0.jar;C:\Users\user\.m2\repository\io\opentelemetry\opentelemetry-sdk-extension-autoconfigure\1.6.0-alpha\opentelemetry-sdk-extension-autoconfigure-1.6.0-alpha.jar;C:\Users\user\.m2\repository\io\opentelemetry\opentelemetry-sdk-trace\1.6.0\opentelemetry-sdk-trace-1.6.0.jar;C:\Users\user\.m2\repository\io\opentelemetry\opentelemetry-api-metrics\1.6.0-alpha\opentelemetry-api-metrics-1.6.0-alpha.jar;C:\Users\user\.m2\repository\io\opentelemetry\opentelemetry-sdk\1.6.0\opentelemetry-sdk-1.6.0.jar;C:\Users\user\.m2\repository\io\opentelemetry\opentelemetry-semconv\1.6.0-alpha\opentelemetry-semconv-1.6.0-alpha.jar;C:\Users\user\.m2\repository\io\ous\jtoml\2.0.0\jtoml-2.0.0.jar;C:\Users\user\.m2\repository\net\bytebuddy\byte-buddy\1.11.19\byte-buddy-1.11.19.jar;C:\Users\user\.m2\repository\org\apache\commons\commons-exec\1.3\commons-exec-1.3.jar;C:\Users\user\.m2\repository\org\asynchttpclient\async-http-client\2.12.3\async-http-client-2.12.3.jar;C:\Users\user\.m2\repository\org\asynchttpclient\async-http-client-netty-utils\2.12.3\async-http-client-netty-utils-2.12.3.jar;C:\Users\user\.m2\repository\io\netty\netty-codec-socks\4.1.60.Final\netty-codec-socks-4.1.60.Final.jar;C:\Users\user\.m2\repository\io\netty\netty-handler-proxy\4.1.60.Final\netty-handler-proxy-4.1.60.Final.jar;C:\Users\user\.m2\repository\io\netty\netty-transport-native-epoll\4.1.60.Final\netty-transport-native-epoll-4.1.60.Final-linux-x86_64.jar;C:\Users\user\.m2\repository\io\netty\netty-transport-native-kqueue\4.1.60.Final\netty-transport-native-kqueue-4.1.60.Final-osx-x86_64.jar;C:\Users\user\.m2\repository\org\reactivestreams\reactive-streams\1.0.3\reactive-streams-1.0.3.jar;C:\Users\user\.m2\repository\com\typesafe\netty\netty-reactive-streams\2.0.4\netty-reactive-streams-2.0.4.jar;C:\Users\user\.m2\repository\com\sun\activation\jakarta.activation\1.2.2\jakarta.activation-1.2.2.jar;C:\Users\user\.m2\repository\org\seleniumhq\selenium\selenium-http\4.0.0\selenium-http-4.0.0.jar;C:\Users\user\.m2\repository\org\seleniumhq\selenium\selenium-safari-driver\4.0.0\selenium-safari-driver-4.0.0.jar;C:\Users\user\.m2\repository\org\seleniumhq\selenium\selenium-support\4.0.0\selenium-support-4.0.0.jar;C:\Users\user\.m2\repository\io\github\bonigarcia\webdrivermanager\5.0.3\webdrivermanager-5.0.3.jar;C:\Users\user\.m2\repository\org\slf4j\slf4j-api\1.7.32\slf4j-api-1.7.32.jar;C:\Users\user\.m2\repository\com\google\code\gson\gson\2.8.8\gson-2.8.8.jar;C:\Users\user\.m2\repository\org\jsoup\jsoup\1.14.2\jsoup-1.14.2.jar;C:\Users\user\.m2\repository\com\github\docker-java\docker-java\3.2.12\docker-java-3.2.12.jar;C:\Users\user\.m2\repository\com\github\docker-java\docker-java-core\3.2.12\docker-java-core-3.2.12.jar;C:\Users\user\.m2\repository\com\github\docker-java\docker-java-api\3.2.12\docker-java-api-3.2.12.jar;C:\Users\user\.m2\repository\com\fasterxml\jackson\core\jackson-annotations\2.10.3\jackson-annotations-2.10.3.jar;C:\Users\user\.m2\repository\org\apache\commons\commons-compress\1.21\commons-compress-1.21.jar;C:\Users\user\.m2\repository\commons-lang\commons-lang\2.6\commons-lang-2.6.jar;C:\Users\user\.m2\repository\com\fasterxml\jackson\core\jackson-databind\2.10.3\jackson-databind-2.10.3.jar;C:\Users\user\.m2\repository\com\fasterxml\jackson\core\jackson-core\2.10.3\jackson-core-2.10.3.jar;C:\Users\user\.m2\repository\org\bouncycastle\bcpkix-jdk15on\1.64\bcpkix-jdk15on-1.64.jar;C:\Users\user\.m2\repository\org\bouncycastle\bcprov-jdk15on\1.64\bcprov-jdk15on-1.64.jar;C:\Users\user\.m2\repository\org\slf4j\jcl-over-slf4j\1.7.30\jcl-over-slf4j-1.7.30.jar;C:\Users\user\.m2\repository\com\github\docker-java\docker-java-transport-httpclient5\3.2.12\docker-java-transport-httpclient5-3.2.12.jar;C:\Users\user\.m2\repository\com\github\docker-java\docker-java-transport\3.2.12\docker-java-transport-3.2.12.jar;C:\Users\user\.m2\repository\org\apache\httpcomponents\client5\httpclient5\5.0.3\httpclient5-5.0.3.jar;C:\Users\user\.m2\repository\org\apache\httpcomponents\core5\httpcore5\5.0.2\httpcore5-5.0.2.jar;C:\Users\user\.m2\repository\commons-codec\commons-codec\1.13\commons-codec-1.13.jar;C:\Users\user\.m2\repository\net\java\dev\jna\jna\5.8.0\jna-5.8.0.jar;C:\Users\user\.m2\repository\com\google\guava\guava\30.1.1-jre\guava-30.1.1-jre.jar;C:\Users\user\.m2\repository\com\google\guava\failureaccess\1.0.1\failureaccess-1.0.1.jar;C:\Users\user\.m2\repository\com\google\guava\listenablefuture\9999.0-empty-to-avoid-conflict-with-guava\listenablefuture-9999.0-empty-to-avoid-conflict-with-guava.jar;C:\Users\user\.m2\repository\com\google\code\findbugs\jsr305\3.0.2\jsr305-3.0.2.jar;C:\Users\user\.m2\repository\org\checkerframework\checker-qual\3.8.0\checker-qual-3.8.0.jar;C:\Users\user\.m2\repository\com\google\errorprone\error_prone_annotations\2.5.1\error_prone_annotations-2.5.1.jar;C:\Users\user\.m2\repository\com\google\j2objc\j2objc-annotations\1.3\j2objc-annotations-1.3.jar;C:\Users\user\.m2\repository\org\brotli\dec\0.1.2\dec-0.1.2.jar;C:\Users\user\.m2\repository\org\testng\testng\7.4.0\testng-7.4.0.jar;C:\Users\user\.m2\repository\com\beust\jcommander\1.78\jcommander-1.78.jar;C:\Users\user\.m2\repository\org\webjars\jquery\3.5.1\jquery-3.5.1.jar;C:\Users\user\.m2\repository\org\hamcrest\hamcrest\2.2\hamcrest-2.2.jar;C:\Users\user\.m2\repository\commons-io\commons-io\2.6\commons-io-2.6.jar;C:\Users\user\.m2\repository\org\apache\logging\log4j\log4j-api\2.17.1\log4j-api-2.17.1.jar;C:\Users\user\.m2\repository\org\apache\logging\log4j\log4j-core\2.17.1\log4j-core-2.17.1.jar;"/>
    <property name="sun.awt.enableExtraMouseButtons" value="true"/>
    <property name="java.vm.vendor" value="Oracle Corporation"/>
    <property name="sun.arch.data.model" value="64"/>
    <property name="user.variant" value=""/>
    <property name="java.vendor.url" value="http://java.oracle.com/"/>
    <property name="user.timezone" value="Europe/Moscow"/>
    <property name="java.vm.specification.version" value="1.8"/>
    <property name="os.name" value="Windows 10"/>
    <property name="user.country" value="RU"/>
    <property name="sun.java.launcher" value="SUN_STANDARD"/>
    <property name="sun.boot.library.path" value="C:\Program Files\Java\jdk1.8.0_301\jre\bin"/>
    <property name="sun.java.command" value="C:\Users\user\AppData\Local\Temp\surefire2141425770446424137\surefirebooter7737882726901656823.jar C:\Users\user\AppData\Local\Temp\surefire2141425770446424137 2022-03-17T13-22-27_061-jvmRun1 surefire3309312175698382103tmp surefire_08625355402082001182tmp"/>
    <property name="surefire.test.class.path" value="g:\GitRepositories\WebDriver-Framework-on-Java\target\test-classes;g:\GitRepositories\WebDriver-Framework-on-Java\target\classes;C:\Users\user\.m2\repository\org\seleniumhq\selenium\selenium-java\4.0.0\selenium-java-4.0.0.jar;C:\Users\user\.m2\repository\org\seleniumhq\selenium\selenium-api\4.0.0\selenium-api-4.0.0.jar;C:\Users\user\.m2\repository\org\seleniumhq\selenium\selenium-chrome-driver\4.0.0\selenium-chrome-driver-4.0.0.jar;C:\Users\user\.m2\repository\com\google\auto\service\auto-service-annotations\1.0\auto-service-annotations-1.0.jar;C:\Users\user\.m2\repository\com\google\auto\service\auto-service\1.0\auto-service-1.0.jar;C:\Users\user\.m2\repository\com\google\auto\auto-common\1.0\auto-common-1.0.jar;C:\Users\user\.m2\repository\org\seleniumhq\selenium\selenium-chromium-driver\4.0.0\selenium-chromium-driver-4.0.0.jar;C:\Users\user\.m2\repository\org\seleniumhq\selenium\selenium-json\4.0.0\selenium-json-4.0.0.jar;C:\Users\user\.m2\repository\org\seleniumhq\selenium\selenium-devtools-v85\4.0.0\selenium-devtools-v85-4.0.0.jar;C:\Users\user\.m2\repository\org\seleniumhq\selenium\selenium-devtools-v93\4.0.0\selenium-devtools-v93-4.0.0.jar;C:\Users\user\.m2\repository\org\seleniumhq\selenium\selenium-devtools-v94\4.0.0\selenium-devtools-v94-4.0.0.jar;C:\Users\user\.m2\repository\org\seleniumhq\selenium\selenium-devtools-v95\4.0.0\selenium-devtools-v95-4.0.0.jar;C:\Users\user\.m2\repository\org\seleniumhq\selenium\selenium-edge-driver\4.0.0\selenium-edge-driver-4.0.0.jar;C:\Users\user\.m2\repository\org\seleniumhq\selenium\selenium-firefox-driver\4.0.0\selenium-firefox-driver-4.0.0.jar;C:\Users\user\.m2\repository\org\seleniumhq\selenium\selenium-firefox-xpi-driver\4.0.0\selenium-firefox-xpi-driver-4.0.0.jar;C:\Users\user\.m2\repository\org\seleniumhq\selenium\selenium-ie-driver\4.0.0\selenium-ie-driver-4.0.0.jar;C:\Users\user\.m2\repository\org\seleniumhq\selenium\selenium-opera-driver\4.0.0\selenium-opera-driver-4.0.0.jar;C:\Users\user\.m2\repository\org\seleniumhq\selenium\selenium-remote-driver\4.0.0\selenium-remote-driver-4.0.0.jar;C:\Users\user\.m2\repository\io\netty\netty-buffer\4.1.68.Final\netty-buffer-4.1.68.Final.jar;C:\Users\user\.m2\repository\io\netty\netty-codec-http\4.1.67.Final\netty-codec-http-4.1.67.Final.jar;C:\Users\user\.m2\repository\io\netty\netty-codec\4.1.67.Final\netty-codec-4.1.67.Final.jar;C:\Users\user\.m2\repository\io\netty\netty-handler\4.1.67.Final\netty-handler-4.1.67.Final.jar;C:\Users\user\.m2\repository\io\netty\netty-common\4.1.68.Final\netty-common-4.1.68.Final.jar;C:\Users\user\.m2\repository\io\netty\netty-transport-native-epoll\4.1.67.Final\netty-transport-native-epoll-4.1.67.Final.jar;C:\Users\user\.m2\repository\io\netty\netty-transport-native-kqueue\4.1.67.Final\netty-transport-native-kqueue-4.1.67.Final.jar;C:\Users\user\.m2\repository\io\netty\netty-transport-native-unix-common\4.1.67.Final\netty-transport-native-unix-common-4.1.67.Final.jar;C:\Users\user\.m2\repository\io\netty\netty-transport\4.1.68.Final\netty-transport-4.1.68.Final.jar;C:\Users\user\.m2\repository\io\netty\netty-resolver\4.1.68.Final\netty-resolver-4.1.68.Final.jar;C:\Users\user\.m2\repository\io\opentelemetry\opentelemetry-api\1.6.0\opentelemetry-api-1.6.0.jar;C:\Users\user\.m2\repository\io\opentelemetry\opentelemetry-context\1.6.0\opentelemetry-context-1.6.0.jar;C:\Users\user\.m2\repository\io\opentelemetry\opentelemetry-exporter-logging\1.6.0\opentelemetry-exporter-logging-1.6.0.jar;C:\Users\user\.m2\repository\io\opentelemetry\opentelemetry-sdk-metrics\1.6.0-alpha\opentelemetry-sdk-metrics-1.6.0-alpha.jar;C:\Users\user\.m2\repository\io\opentelemetry\opentelemetry-sdk-common\1.6.0\opentelemetry-sdk-common-1.6.0.jar;C:\Users\user\.m2\repository\io\opentelemetry\opentelemetry-sdk-extension-autoconfigure-spi\1.6.0\opentelemetry-sdk-extension-autoconfigure-spi-1.6.0.jar;C:\Users\user\.m2\repository\io\opentelemetry\opentelemetry-sdk-extension-autoconfigure\1.6.0-alpha\opentelemetry-sdk-extension-autoconfigure-1.6.0-alpha.jar;C:\Users\user\.m2\repository\io\opentelemetry\opentelemetry-sdk-trace\1.6.0\opentelemetry-sdk-trace-1.6.0.jar;C:\Users\user\.m2\repository\io\opentelemetry\opentelemetry-api-metrics\1.6.0-alpha\opentelemetry-api-metrics-1.6.0-alpha.jar;C:\Users\user\.m2\repository\io\opentelemetry\opentelemetry-sdk\1.6.0\opentelemetry-sdk-1.6.0.jar;C:\Users\user\.m2\repository\io\opentelemetry\opentelemetry-semconv\1.6.0-alpha\opentelemetry-semconv-1.6.0-alpha.jar;C:\Users\user\.m2\repository\io\ous\jtoml\2.0.0\jtoml-2.0.0.jar;C:\Users\user\.m2\repository\net\bytebuddy\byte-buddy\1.11.19\byte-buddy-1.11.19.jar;C:\Users\user\.m2\repository\org\apache\commons\commons-exec\1.3\commons-exec-1.3.jar;C:\Users\user\.m2\repository\org\asynchttpclient\async-http-client\2.12.3\async-http-client-2.12.3.jar;C:\Users\user\.m2\repository\org\asynchttpclient\async-http-client-netty-utils\2.12.3\async-http-client-netty-utils-2.12.3.jar;C:\Users\user\.m2\repository\io\netty\netty-codec-socks\4.1.60.Final\netty-codec-socks-4.1.60.Final.jar;C:\Users\user\.m2\repository\io\netty\netty-handler-proxy\4.1.60.Final\netty-handler-proxy-4.1.60.Final.jar;C:\Users\user\.m2\repository\io\netty\netty-transport-native-epoll\4.1.60.Final\netty-transport-native-epoll-4.1.60.Final-linux-x86_64.jar;C:\Users\user\.m2\repository\io\netty\netty-transport-native-kqueue\4.1.60.Final\netty-transport-native-kqueue-4.1.60.Final-osx-x86_64.jar;C:\Users\user\.m2\repository\org\reactivestreams\reactive-streams\1.0.3\reactive-streams-1.0.3.jar;C:\Users\user\.m2\repository\com\typesafe\netty\netty-reactive-streams\2.0.4\netty-reactive-streams-2.0.4.jar;C:\Users\user\.m2\repository\com\sun\activation\jakarta.activation\1.2.2\jakarta.activation-1.2.2.jar;C:\Users\user\.m2\repository\org\seleniumhq\selenium\selenium-http\4.0.0\selenium-http-4.0.0.jar;C:\Users\user\.m2\repository\org\seleniumhq\selenium\selenium-safari-driver\4.0.0\selenium-safari-driver-4.0.0.jar;C:\Users\user\.m2\repository\org\seleniumhq\selenium\selenium-support\4.0.0\selenium-support-4.0.0.jar;C:\Users\user\.m2\repository\io\github\bonigarcia\webdrivermanager\5.0.3\webdrivermanager-5.0.3.jar;C:\Users\user\.m2\repository\org\slf4j\slf4j-api\1.7.32\slf4j-api-1.7.32.jar;C:\Users\user\.m2\repository\com\google\code\gson\gson\2.8.8\gson-2.8.8.jar;C:\Users\user\.m2\repository\org\jsoup\jsoup\1.14.2\jsoup-1.14.2.jar;C:\Users\user\.m2\repository\com\github\docker-java\docker-java\3.2.12\docker-java-3.2.12.jar;C:\Users\user\.m2\repository\com\github\docker-java\docker-java-core\3.2.12\docker-java-core-3.2.12.jar;C:\Users\user\.m2\repository\com\github\docker-java\docker-java-api\3.2.12\docker-java-api-3.2.12.jar;C:\Users\user\.m2\repository\com\fasterxml\jackson\core\jackson-annotations\2.10.3\jackson-annotations-2.10.3.jar;C:\Users\user\.m2\repository\org\apache\commons\commons-compress\1.21\commons-compress-1.21.jar;C:\Users\user\.m2\repository\commons-lang\commons-lang\2.6\commons-lang-2.6.jar;C:\Users\user\.m2\repository\com\fasterxml\jackson\core\jackson-databind\2.10.3\jackson-databind-2.10.3.jar;C:\Users\user\.m2\repository\com\fasterxml\jackson\core\jackson-core\2.10.3\jackson-core-2.10.3.jar;C:\Users\user\.m2\repository\org\bouncycastle\bcpkix-jdk15on\1.64\bcpkix-jdk15on-1.64.jar;C:\Users\user\.m2\repository\org\bouncycastle\bcprov-jdk15on\1.64\bcprov-jdk15on-1.64.jar;C:\Users\user\.m2\repository\org\slf4j\jcl-over-slf4j\1.7.30\jcl-over-slf4j-1.7.30.jar;C:\Users\user\.m2\repository\com\github\docker-java\docker-java-transport-httpclient5\3.2.12\docker-java-transport-httpclient5-3.2.12.jar;C:\Users\user\.m2\repository\com\github\docker-java\docker-java-transport\3.2.12\docker-java-transport-3.2.12.jar;C:\Users\user\.m2\repository\org\apache\httpcomponents\client5\httpclient5\5.0.3\httpclient5-5.0.3.jar;C:\Users\user\.m2\repository\org\apache\httpcomponents\core5\httpcore5\5.0.2\httpcore5-5.0.2.jar;C:\Users\user\.m2\repository\commons-codec\commons-codec\1.13\commons-codec-1.13.jar;C:\Users\user\.m2\repository\net\java\dev\jna\jna\5.8.0\jna-5.8.0.jar;C:\Users\user\.m2\repository\com\google\guava\guava\30.1.1-jre\guava-30.1.1-jre.jar;C:\Users\user\.m2\repository\com\google\guava\failureaccess\1.0.1\failureaccess-1.0.1.jar;C:\Users\user\.m2\repository\com\google\guava\listenablefuture\9999.0-empty-to-avoid-conflict-with-guava\listenablefuture-9999.0-empty-to-avoid-conflict-with-guava.jar;C:\Users\user\.m2\repository\com\google\code\findbugs\jsr305\3.0.2\jsr305-3.0.2.jar;C:\Users\user\.m2\repository\org\checkerframework\checker-qual\3.8.0\checker-qual-3.8.0.jar;C:\Users\user\.m2\repository\com\google\errorprone\error_prone_annotations\2.5.1\error_prone_annotations-2.5.1.jar;C:\Users\user\.m2\repository\com\google\j2objc\j2objc-annotations\1.3\j2objc-annotations-1.3.jar;C:\Users\user\.m2\repository\org\brotli\dec\0.1.2\dec-0.1.2.jar;C:\Users\user\.m2\repository\org\testng\testng\7.4.0\testng-7.4.0.jar;C:\Users\user\.m2\repository\com\beust\jcommander\1.78\jcommander-1.78.jar;C:\Users\user\.m2\repository\org\webjars\jquery\3.5.1\jquery-3.5.1.jar;C:\Users\user\.m2\repository\org\hamcrest\hamcrest\2.2\hamcrest-2.2.jar;C:\Users\user\.m2\repository\commons-io\commons-io\2.6\commons-io-2.6.jar;C:\Users\user\.m2\repository\org\apache\logging\log4j\log4j-api\2.17.1\log4j-api-2.17.1.jar;C:\Users\user\.m2\repository\org\apache\logging\log4j\log4j-core\2.17.1\log4j-core-2.17.1.jar;"/>
    <property name="sun.cpu.endian" value="little"/>
    <property name="user.home" value="C:\Users\user"/>
    <property name="user.language" value="ru"/>
    <property name="java.specification.vendor" value="Oracle Corporation"/>
    <property name="java.home" value="C:\Program Files\Java\jdk1.8.0_301\jre"/>
    <property name="basedir" value="g:\GitRepositories\WebDriver-Framework-on-Java"/>
    <property name="file.separator" value="\"/>
    <property name="line.separator" value="&#10;"/>
    <property name="java.vm.specification.vendor" value="Oracle Corporation"/>
    <property name="java.specification.name" value="Java Platform API Specification"/>
    <property name="java.awt.graphicsenv" value="sun.awt.Win32GraphicsEnvironment"/>
    <property name="surefire.real.class.path" value="C:\Users\user\AppData\Local\Temp\surefire2141425770446424137\surefirebooter7737882726901656823.jar"/>
    <property name="sun.boot.class.path" value="C:\Program Files\Java\jdk1.8.0_301\jre\lib\resources.jar;C:\Program Files\Java\jdk1.8.0_301\jre\lib\rt.jar;C:\Program Files\Java\jdk1.8.0_301\jre\lib\sunrsasign.jar;C:\Program Files\Java\jdk1.8.0_301\jre\lib\jsse.jar;C:\Program Files\Java\jdk1.8.0_301\jre\lib\jce.jar;C:\Program Files\Java\jdk1.8.0_301\jre\lib\charsets.jar;C:\Program Files\Java\jdk1.8.0_301\jre\lib\jfr.jar;C:\Program Files\Java\jdk1.8.0_301\jre\classes"/>
    <property name="user.script" value=""/>
    <property name="sun.management.compiler" value="HotSpot 64-Bit Tiered Compilers"/>
    <property name="java.runtime.version" value="1.8.0_301-b09"/>
    <property name="user.name" value="user"/>
    <property name="path.separator" value=";"/>
    <property name="os.version" value="10.0"/>
    <property name="java.endorsed.dirs" value="C:\Program Files\Java\jdk1.8.0_301\jre\lib\endorsed"/>
    <property name="java.runtime.name" value="Java(TM) SE Runtime Environment"/>
    <property name="file.encoding" value="Cp1251"/>
    <property name="browser" value="chrome"/>
    <property name="sun.nio.ch.bugLevel" value=""/>
    <property name="java.vm.name" value="Java HotSpot(TM) 64-Bit Server VM"/>
    <property name="localRepository" value="C:\Users\user\.m2\repository"/>
    <property name="java.vendor.url.bug" value="http://bugreport.sun.com/bugreport/"/>
    <property name="java.io.tmpdir" value="C:\Users\user\AppData\Local\Temp\"/>
    <property name="java.version" value="1.8.0_301"/>
    <property name="user.dir" value="g:\GitRepositories\WebDriver-Framework-on-Java"/>
    <property name="os.arch" value="amd64"/>
    <property name="java.vm.specification.name" value="Java Virtual Machine Specification"/>
    <property name="java.awt.printerjob" value="sun.awt.windows.WPrinterJob"/>
    <property name="sun.os.patch.level" value=""/>
    <property name="environment" value="dev"/>
    <property name="java.library.path" value="C:\Program Files\Java\jdk1.8.0_301\jre\bin;C:\WINDOWS\Sun\Java\bin;C:\WINDOWS\system32;C:\WINDOWS;C:\Program Files\Common Files\Oracle\Java\javapath;C:\Program Files (x86)\Common Files\Oracle\Java\javapath;C:\ProgramData\Oracle\Java\javapath;C:\Program Files (x86)\Intel\iCLS Client\;C:\Program Files\Intel\iCLS Client\;C:\Windows\system32;C:\Windows;C:\Windows\System32\Wbem;C:\Windows\System32\WindowsPowerShell\v1.0\;C:\Program Files (x86)\Intel\Intel(R) Management Engine Components\DAL;C:\Program Files\Intel\Intel(R) Management Engine Components\DAL;C:\Program Files (x86)\Intel\Intel(R) Management Engine Components\IPT;C:\Program Files\Intel\Intel(R) Management Engine Components\IPT;C:\Program Files\7-Zip;C:\WINDOWS\system32;C:\WINDOWS;C:\WINDOWS\System32\Wbem;C:\WINDOWS\System32\WindowsPowerShell\v1.0\;C:\WINDOWS\System32\OpenSSH\;C:\Program Files\NVIDIA Corporation\NVIDIA NvDLISR;C:\Program Files (x86)\NVIDIA Corporation\PhysX\Common;C:\WINDOWS\system32;C:\WINDOWS;C:\WINDOWS\System32\Wbem;C:\WINDOWS\System32\WindowsPowerShell\v1.0\;C:\WINDOWS\System32\OpenSSH\;C:\apache-maven-3.8.1\bin;G:\Git\cmd;C:\Users\user\AppData\Local\Microsoft\WindowsApps;C:\Program Files\Java\jdk1.8.0_301\bin;G:\IntelliJ IDEA Community Edition 2021.2\bin;;G:\webdriver;;."/>
    <property name="java.vm.info" value="mixed mode"/>
    <property name="java.vendor" value="Oracle Corporation"/>
    <property name="java.vm.version" value="25.301-b09"/>
    <property name="java.ext.dirs" value="C:\Program Files\Java\jdk1.8.0_301\jre\lib\ext;C:\WINDOWS\Sun\Java\lib\ext"/>
    <property name="sun.io.unicode.encoding" value="UnicodeLittle"/>
    <property name="java.class.version" value="52.0"/>
  </properties>
  <testcase name="ifCostsFromEmailAndCalculatorEqual" classname="test.testIfTheCostsCoincide" time="22.775">
    <failure message="Expected condition failed: waiting for presence of element located by: By.xpath: //devsite-iframe//iframe[@allow=&apos;clipboard-write https://cloud-dot-devsite-v2-prod.appspot.com&apos;] (tried for 10 second(s) with 500 milliseconds interval)" type="org.openqa.selenium.TimeoutException"><![CDATA[org.openqa.selenium.TimeoutException: Expected condition failed: waiting for presence of element located by: By.xpath: //devsite-iframe//iframe[@allow='clipboard-write https://cloud-dot-devsite-v2-prod.appspot.com'] (tried for 10 second(s) with 500 milliseconds interval)
	at test.testIfTheCostsCoincide.ifCostsFromEmailAndCalculatorEqual(testIfTheCostsCoincide.java:28)
Caused by: org.openqa.selenium.NoSuchElementException: 
no such element: Unable to locate element: {"method":"xpath","selector":"//devsite-iframe//iframe[@allow='clipboard-write https://cloud-dot-devsite-v2-prod.appspot.com']"}
  (Session info: chrome=99.0.4844.51)
For documentation on this error, please visit: https://selenium.dev/exceptions/#no_such_element
Build info: version: '4.0.0', revision: '3a21814679'
System info: host: 'DESKTOP-P409EGR', ip: '192.168.100.24', os.name: 'Windows 10', os.arch: 'amd64', os.version: '10.0', java.version: '1.8.0_301'
Driver info: org.openqa.selenium.chrome.ChromeDriver
Command: [a1fc0cd1d3fd97b0c6d71a350eddbd00, findElement {using=xpath, value=//devsite-iframe//iframe[@allow='clipboard-write https://cloud-dot-devsite-v2-prod.appspot.com']}]
Capabilities {acceptInsecureCerts: false, browserName: chrome, browserVersion: 99.0.4844.51, chrome: {chromedriverVersion: 99.0.4844.51 (d537ec02474b5..., userDataDir: C:\Users\user\AppData\Local...}, goog:chromeOptions: {debuggerAddress: localhost:7613}, javascriptEnabled: true, networkConnectionEnabled: false, pageLoadStrategy: normal, platform: WINDOWS, platformName: WINDOWS, proxy: Proxy(), se:cdp: ws://localhost:7613/devtool..., se:cdpVersion: 99.0.4844.51, setWindowRect: true, strictFileInteractability: false, timeouts: {implicit: 0, pageLoad: 300000, script: 30000}, unhandledPromptBehavior: dismiss and notify, webauthn:extension:credBlob: true, webauthn:extension:largeBlob: true, webauthn:virtualAuthenticators: true}
Session ID: a1fc0cd1d3fd97b0c6d71a350eddbd00
	at test.testIfTheCostsCoincide.ifCostsFromEmailAndCalculatorEqual(testIfTheCostsCoincide.java:28)
]]></failure>
    <system-out><![CDATA[2022-03-17 13:22:28,975 DEBUG logging.InternalLoggerFactory [main] io.netty.util.internal.logging.InternalLoggerFactory.useLog4J2LoggerFactory(InternalLoggerFactory.java:76) Using Log4J2 as the default logging framework
2022-03-17 13:22:28,983 DEBUG util.ResourceLeakDetector [main] io.netty.util.ResourceLeakDetector.<clinit>(ResourceLeakDetector.java:129) -Dio.netty.leakDetection.level: simple
2022-03-17 13:22:28,983 DEBUG util.ResourceLeakDetector [main] io.netty.util.ResourceLeakDetector.<clinit>(ResourceLeakDetector.java:130) -Dio.netty.leakDetection.targetRecords: 4
2022-03-17 13:22:28,987 DEBUG util.ResourceLeakDetectorFactory [main] io.netty.util.ResourceLeakDetectorFactory$DefaultResourceLeakDetectorFactory.newResourceLeakDetector(ResourceLeakDetectorFactory.java:196) Loaded default ResourceLeakDetector: io.netty.util.ResourceLeakDetector@75e91545
2022-03-17 13:22:29,004 DEBUG internal.PlatformDependent0 [main] io.netty.util.internal.PlatformDependent0.explicitNoUnsafeCause0(PlatformDependent0.java:460) -Dio.netty.noUnsafe: false
2022-03-17 13:22:29,004 DEBUG internal.PlatformDependent0 [main] io.netty.util.internal.PlatformDependent0.javaVersion0(PlatformDependent0.java:954) Java version: 8
2022-03-17 13:22:29,005 DEBUG internal.PlatformDependent0 [main] io.netty.util.internal.PlatformDependent0.<clinit>(PlatformDependent0.java:135) sun.misc.Unsafe.theUnsafe: available
2022-03-17 13:22:29,006 DEBUG internal.PlatformDependent0 [main] io.netty.util.internal.PlatformDependent0.<clinit>(PlatformDependent0.java:159) sun.misc.Unsafe.copyMemory: available
2022-03-17 13:22:29,007 DEBUG internal.PlatformDependent0 [main] io.netty.util.internal.PlatformDependent0.<clinit>(PlatformDependent0.java:202) java.nio.Buffer.address: available
2022-03-17 13:22:29,008 DEBUG internal.PlatformDependent0 [main] io.netty.util.internal.PlatformDependent0.<clinit>(PlatformDependent0.java:272) direct buffer constructor: available
2022-03-17 13:22:29,009 DEBUG internal.PlatformDependent0 [main] io.netty.util.internal.PlatformDependent0.<clinit>(PlatformDependent0.java:350) java.nio.Bits.unaligned: available, true
2022-03-17 13:22:29,009 DEBUG internal.PlatformDependent0 [main] io.netty.util.internal.PlatformDependent0.<clinit>(PlatformDependent0.java:424) jdk.internal.misc.Unsafe.allocateUninitializedArray(int): unavailable prior to Java9
2022-03-17 13:22:29,009 DEBUG internal.PlatformDependent0 [main] io.netty.util.internal.PlatformDependent0.<clinit>(PlatformDependent0.java:446) java.nio.DirectByteBuffer.<init>(long, int): available
2022-03-17 13:22:29,009 DEBUG internal.PlatformDependent [main] io.netty.util.internal.PlatformDependent.unsafeUnavailabilityCause0(PlatformDependent.java:1103) sun.misc.Unsafe: available
2022-03-17 13:22:29,010 DEBUG internal.PlatformDependent [main] io.netty.util.internal.PlatformDependent.tmpdir0(PlatformDependent.java:1224) -Dio.netty.tmpdir: C:\Users\user\AppData\Local\Temp (java.io.tmpdir)
2022-03-17 13:22:29,011 DEBUG internal.PlatformDependent [main] io.netty.util.internal.PlatformDependent.bitMode0(PlatformDependent.java:1303) -Dio.netty.bitMode: 64 (sun.arch.data.model)
2022-03-17 13:22:29,012 DEBUG internal.PlatformDependent [main] io.netty.util.internal.PlatformDependent.isWindows0(PlatformDependent.java:1063) Platform: Windows
2022-03-17 13:22:29,014 DEBUG internal.PlatformDependent [main] io.netty.util.internal.PlatformDependent.<clinit>(PlatformDependent.java:178) -Dio.netty.maxDirectMemory: 3808428032 bytes
2022-03-17 13:22:29,015 DEBUG internal.PlatformDependent [main] io.netty.util.internal.PlatformDependent.<clinit>(PlatformDependent.java:185) -Dio.netty.uninitializedArrayAllocationThreshold: -1
2022-03-17 13:22:29,017 DEBUG internal.CleanerJava6 [main] io.netty.util.internal.CleanerJava6.<clinit>(CleanerJava6.java:92) java.nio.ByteBuffer.cleaner(): available
2022-03-17 13:22:29,017 DEBUG internal.PlatformDependent [main] io.netty.util.internal.PlatformDependent.<clinit>(PlatformDependent.java:205) -Dio.netty.noPreferDirect: false
2022-03-17 13:22:29,025 DEBUG internal.PlatformDependent [main] io.netty.util.internal.PlatformDependent$Mpsc.<clinit>(PlatformDependent.java:967) org.jctools-core.MpscChunkedArrayQueue: available
2022-03-17 13:22:29,043 DEBUG internal.InternalThreadLocalMap [main] io.netty.util.internal.InternalThreadLocalMap.<clinit>(InternalThreadLocalMap.java:83) -Dio.netty.threadLocalMap.stringBuilder.initialSize: 1024
2022-03-17 13:22:29,044 DEBUG internal.InternalThreadLocalMap [main] io.netty.util.internal.InternalThreadLocalMap.<clinit>(InternalThreadLocalMap.java:86) -Dio.netty.threadLocalMap.stringBuilder.maxSize: 4096
2022-03-17 13:22:29,067 DEBUG ssl.JdkSslContext [main] io.netty.handler.ssl.JdkSslContext.<clinit>(JdkSslContext.java:97) Default protocols (JDK): [TLSv1.2] 
2022-03-17 13:22:29,068 DEBUG ssl.JdkSslContext [main] io.netty.handler.ssl.JdkSslContext.<clinit>(JdkSslContext.java:98) Default cipher suites (JDK): [TLS_ECDHE_ECDSA_WITH_AES_256_GCM_SHA384, TLS_ECDHE_ECDSA_WITH_AES_128_GCM_SHA256, TLS_ECDHE_RSA_WITH_AES_128_GCM_SHA256, TLS_ECDHE_RSA_WITH_AES_256_GCM_SHA384, TLS_ECDHE_RSA_WITH_AES_128_CBC_SHA, TLS_ECDHE_RSA_WITH_AES_256_CBC_SHA, TLS_RSA_WITH_AES_128_GCM_SHA256, TLS_RSA_WITH_AES_128_CBC_SHA, TLS_RSA_WITH_AES_256_CBC_SHA, TLS_AES_128_GCM_SHA256, TLS_AES_256_GCM_SHA384]
2022-03-17 13:22:29,095 DEBUG channel.MultithreadEventLoopGroup [main] io.netty.channel.MultithreadEventLoopGroup.<clinit>(MultithreadEventLoopGroup.java:44) -Dio.netty.eventLoopThreads: 8
2022-03-17 13:22:29,103 DEBUG nio.NioEventLoop [main] io.netty.channel.nio.NioEventLoop.<clinit>(NioEventLoop.java:106) -Dio.netty.noKeySetOptimization: false
2022-03-17 13:22:29,103 DEBUG nio.NioEventLoop [main] io.netty.channel.nio.NioEventLoop.<clinit>(NioEventLoop.java:107) -Dio.netty.selectorAutoRebuildThreshold: 512
2022-03-17 13:22:29,112 TRACE nio.NioEventLoop [main] io.netty.channel.nio.NioEventLoop.openSelector(NioEventLoop.java:260) instrumented a special java.util.Set into: sun.nio.ch.WindowsSelectorImpl@172ca72b
2022-03-17 13:22:29,113 TRACE nio.NioEventLoop [main] io.netty.channel.nio.NioEventLoop.openSelector(NioEventLoop.java:260) instrumented a special java.util.Set into: sun.nio.ch.WindowsSelectorImpl@2ce86164
2022-03-17 13:22:29,114 TRACE nio.NioEventLoop [main] io.netty.channel.nio.NioEventLoop.openSelector(NioEventLoop.java:260) instrumented a special java.util.Set into: sun.nio.ch.WindowsSelectorImpl@5e8f9e2d
2022-03-17 13:22:29,115 TRACE nio.NioEventLoop [main] io.netty.channel.nio.NioEventLoop.openSelector(NioEventLoop.java:260) instrumented a special java.util.Set into: sun.nio.ch.WindowsSelectorImpl@51df223b
2022-03-17 13:22:29,116 TRACE nio.NioEventLoop [main] io.netty.channel.nio.NioEventLoop.openSelector(NioEventLoop.java:260) instrumented a special java.util.Set into: sun.nio.ch.WindowsSelectorImpl@fd46303
2022-03-17 13:22:29,117 TRACE nio.NioEventLoop [main] io.netty.channel.nio.NioEventLoop.openSelector(NioEventLoop.java:260) instrumented a special java.util.Set into: sun.nio.ch.WindowsSelectorImpl@60d8c0dc
2022-03-17 13:22:29,117 TRACE nio.NioEventLoop [main] io.netty.channel.nio.NioEventLoop.openSelector(NioEventLoop.java:260) instrumented a special java.util.Set into: sun.nio.ch.WindowsSelectorImpl@4204541c
2022-03-17 13:22:29,119 TRACE nio.NioEventLoop [main] io.netty.channel.nio.NioEventLoop.openSelector(NioEventLoop.java:260) instrumented a special java.util.Set into: sun.nio.ch.WindowsSelectorImpl@6a62689d
2022-03-17 13:22:29,138 DEBUG buffer.PooledByteBufAllocator [main] io.netty.buffer.PooledByteBufAllocator.<clinit>(PooledByteBufAllocator.java:155) -Dio.netty.allocator.numHeapArenas: 8
2022-03-17 13:22:29,138 DEBUG buffer.PooledByteBufAllocator [main] io.netty.buffer.PooledByteBufAllocator.<clinit>(PooledByteBufAllocator.java:156) -Dio.netty.allocator.numDirectArenas: 8
2022-03-17 13:22:29,139 DEBUG buffer.PooledByteBufAllocator [main] io.netty.buffer.PooledByteBufAllocator.<clinit>(PooledByteBufAllocator.java:158) -Dio.netty.allocator.pageSize: 8192
2022-03-17 13:22:29,139 DEBUG buffer.PooledByteBufAllocator [main] io.netty.buffer.PooledByteBufAllocator.<clinit>(PooledByteBufAllocator.java:163) -Dio.netty.allocator.maxOrder: 11
2022-03-17 13:22:29,139 DEBUG buffer.PooledByteBufAllocator [main] io.netty.buffer.PooledByteBufAllocator.<clinit>(PooledByteBufAllocator.java:167) -Dio.netty.allocator.chunkSize: 16777216
2022-03-17 13:22:29,139 DEBUG buffer.PooledByteBufAllocator [main] io.netty.buffer.PooledByteBufAllocator.<clinit>(PooledByteBufAllocator.java:168) -Dio.netty.allocator.smallCacheSize: 256
2022-03-17 13:22:29,139 DEBUG buffer.PooledByteBufAllocator [main] io.netty.buffer.PooledByteBufAllocator.<clinit>(PooledByteBufAllocator.java:169) -Dio.netty.allocator.normalCacheSize: 64
2022-03-17 13:22:29,140 DEBUG buffer.PooledByteBufAllocator [main] io.netty.buffer.PooledByteBufAllocator.<clinit>(PooledByteBufAllocator.java:170) -Dio.netty.allocator.maxCachedBufferCapacity: 32768
2022-03-17 13:22:29,140 DEBUG buffer.PooledByteBufAllocator [main] io.netty.buffer.PooledByteBufAllocator.<clinit>(PooledByteBufAllocator.java:171) -Dio.netty.allocator.cacheTrimInterval: 8192
2022-03-17 13:22:29,140 DEBUG buffer.PooledByteBufAllocator [main] io.netty.buffer.PooledByteBufAllocator.<clinit>(PooledByteBufAllocator.java:172) -Dio.netty.allocator.cacheTrimIntervalMillis: 0
2022-03-17 13:22:29,140 DEBUG buffer.PooledByteBufAllocator [main] io.netty.buffer.PooledByteBufAllocator.<clinit>(PooledByteBufAllocator.java:173) -Dio.netty.allocator.useCacheForAllThreads: true
2022-03-17 13:22:29,140 DEBUG buffer.PooledByteBufAllocator [main] io.netty.buffer.PooledByteBufAllocator.<clinit>(PooledByteBufAllocator.java:174) -Dio.netty.allocator.maxCachedByteBuffersPerChunk: 1023
2022-03-17 13:22:29,149 DEBUG buffer.ByteBufUtil [main] io.netty.buffer.ByteBufUtil.<clinit>(ByteBufUtil.java:87) -Dio.netty.allocator.type: pooled
2022-03-17 13:22:29,149 DEBUG buffer.ByteBufUtil [main] io.netty.buffer.ByteBufUtil.<clinit>(ByteBufUtil.java:96) -Dio.netty.threadLocalDirectBufferSize: 0
2022-03-17 13:22:29,149 DEBUG buffer.ByteBufUtil [main] io.netty.buffer.ByteBufUtil.<clinit>(ByteBufUtil.java:99) -Dio.netty.maxThreadLocalCharBufferSize: 16384
2022-03-17 13:22:29,937 DEBUG channel.DefaultChannelId [Forwarding newSession on session null to remote] io.netty.channel.DefaultChannelId.<clinit>(DefaultChannelId.java:79) -Dio.netty.processId: 15248 (auto-detected)
2022-03-17 13:22:29,939 DEBUG util.NetUtil [Forwarding newSession on session null to remote] io.netty.util.NetUtil.<clinit>(NetUtil.java:135) -Djava.net.preferIPv4Stack: false
2022-03-17 13:22:29,940 DEBUG util.NetUtil [Forwarding newSession on session null to remote] io.netty.util.NetUtil.<clinit>(NetUtil.java:136) -Djava.net.preferIPv6Addresses: false
2022-03-17 13:22:29,976 DEBUG util.NetUtilInitializations [Forwarding newSession on session null to remote] io.netty.util.NetUtilInitializations.determineLoopback(NetUtilInitializations.java:129) Loopback interface: lo (Software Loopback Interface 1, 127.0.0.1)
2022-03-17 13:22:29,978 DEBUG util.NetUtil [Forwarding newSession on session null to remote] io.netty.util.NetUtil$1.run(NetUtil.java:187) Failed to get SOMAXCONN from sysctl and file \proc\sys\net\core\somaxconn. Default: 200
2022-03-17 13:22:30,016 DEBUG channel.DefaultChannelId [Forwarding newSession on session null to remote] io.netty.channel.DefaultChannelId.<clinit>(DefaultChannelId.java:101) -Dio.netty.machineId: 1c:1b:0d:ff:fe:e6:d3:4c (auto-detected)
2022-03-17 13:22:30,058 DEBUG buffer.AbstractByteBuf [AsyncHttpClient-1-2] io.netty.buffer.AbstractByteBuf.<clinit>(AbstractByteBuf.java:63) -Dio.netty.buffer.checkAccessible: true
2022-03-17 13:22:30,058 DEBUG buffer.AbstractByteBuf [AsyncHttpClient-1-2] io.netty.buffer.AbstractByteBuf.<clinit>(AbstractByteBuf.java:64) -Dio.netty.buffer.checkBounds: true
2022-03-17 13:22:30,058 DEBUG util.ResourceLeakDetectorFactory [AsyncHttpClient-1-2] io.netty.util.ResourceLeakDetectorFactory$DefaultResourceLeakDetectorFactory.newResourceLeakDetector(ResourceLeakDetectorFactory.java:196) Loaded default ResourceLeakDetector: io.netty.util.ResourceLeakDetector@523f12d0
2022-03-17 13:22:30,077 DEBUG util.Recycler [AsyncHttpClient-1-2] io.netty.util.Recycler.<clinit>(Recycler.java:103) -Dio.netty.recycler.maxCapacityPerThread: 4096
2022-03-17 13:22:30,077 DEBUG util.Recycler [AsyncHttpClient-1-2] io.netty.util.Recycler.<clinit>(Recycler.java:104) -Dio.netty.recycler.maxSharedCapacityFactor: 2
2022-03-17 13:22:30,078 DEBUG util.Recycler [AsyncHttpClient-1-2] io.netty.util.Recycler.<clinit>(Recycler.java:105) -Dio.netty.recycler.linkCapacity: 16
2022-03-17 13:22:30,078 DEBUG util.Recycler [AsyncHttpClient-1-2] io.netty.util.Recycler.<clinit>(Recycler.java:106) -Dio.netty.recycler.ratio: 8
2022-03-17 13:22:30,078 DEBUG util.Recycler [AsyncHttpClient-1-2] io.netty.util.Recycler.<clinit>(Recycler.java:107) -Dio.netty.recycler.delayedQueue.ratio: 8
2022-03-17 13:22:30,641 DEBUG compression.Brotli [AsyncHttpClient-1-2] io.netty.handler.codec.compression.Brotli.<clinit>(Brotli.java:38) brotli4j not in the classpath; Brotli support will be unavailable.
2022-03-17 13:22:30,739 DEBUG internal.ThreadLocalRandom [main] io.netty.util.internal.ThreadLocalRandom.newSeed(ThreadLocalRandom.java:214) -Dio.netty.initialSeedUniquifier: 0xb5573a528128629f
]]></system-out>
    <system-err><![CDATA[SLF4J: Failed to load class "org.slf4j.impl.StaticLoggerBinder".
SLF4J: Defaulting to no-operation (NOP) logger implementation
SLF4J: See http://www.slf4j.org/codes.html#StaticLoggerBinder for further details.
Starting ChromeDriver 99.0.4844.51 (d537ec02474b5afe23684e7963d538896c63ac77-refs/branch-heads/4844@{#875}) on port 60167
Only local connections are allowed.
Please see https://chromedriver.chromium.org/security-considerations for suggestions on keeping ChromeDriver safe.
ChromeDriver was started successfully.
мар 17, 2022 1:22:30 PM org.openqa.selenium.remote.ProtocolHandshake createSession
INFO: Detected dialect: W3C
мар 17, 2022 1:22:30 PM org.openqa.selenium.devtools.CdpVersionFinder findNearestMatch
WARNING: Unable to find an exact match for CDP version 99, so returning the closest version found: 95
мар 17, 2022 1:22:30 PM org.openqa.selenium.devtools.CdpVersionFinder findNearestMatch
INFO: Found CDP implementation for version 99 of 95
]]></system-err>
  </testcase>
</testsuite>